INFO:root:Conectado a la fuenta de informacion de Excel
INFO:root:Se encontraron noticias sobre esta Persona!
INFO:root:Se tomaron los datos encontrados!
INFO:root:Buscando noticcia sobre la persona
WARNING:root:No se encontro el elemento.
WARNING:root:No se encontro el elemento.
WARNING:root:No se encontro el elemento.
INFO:root:Se encontraron noticias sobre esta Persona!
INFO:root:Se tomaron los datos encontrados!
INFO:root:Buscando noticcia sobre la persona
WARNING:root:No se encontro el elemento.
WARNING:root:No se encontro el elemento.
WARNING:root:No se encontro noticias sobre esta persona!
INFO:root:Buscando noticcia sobre la persona
INFO:root:Se encontraron noticias sobre esta Persona!
INFO:root:Se tomaron los datos encontrados!
INFO:root:Buscando noticcia sobre la persona
WARNING:root:No se encontro el elemento.
WARNING:root:No se encontro el elemento.
WARNING:root:No se encontro el elemento.
WARNING:root:No se encontro el elemento.
WARNING:root:No se encontro el elemento.
WARNING:root:No se encontro noticias sobre esta persona!
INFO:root:Buscando noticcia sobre la persona
WARNING:root:No se encontro el elemento.
WARNING:root:No se encontro el elemento.
INFO:root:Se encontraron noticias sobre esta Persona!
INFO:root:Se tomaron los datos encontrados!
INFO:root:Buscando noticcia sobre la persona
WARNING:root:No se encontro el elemento.
WARNING:root:No se encontro el elemento.
WARNING:root:No se encontro el elemento.
WARNING:root:No se encontro el elemento.
WARNING:root:No se encontro el elemento.
WARNING:root:No se encontro el elemento.
WARNING:root:No se encontro noticias sobre esta persona!
INFO:root:Buscando noticcia sobre la persona
INFO:root:Se encontraron noticias sobre esta Persona!
INFO:root:Se tomaron los datos encontrados!
INFO:root:Buscando noticcia sobre la persona
INFO:root:Se encontraron noticias sobre esta Persona!
INFO:root:Se tomaron los datos encontrados!
INFO:root:Buscando noticcia sobre la persona
WARNING:root:No se encontro el elemento.
WARNING:root:No se encontro el elemento.
INFO:root:Se encontraron noticias sobre esta Persona!
INFO:root:Se tomaron los datos encontrados!
INFO:root:Buscando noticcia sobre la persona
INFO:root:Informacion Almacenada correctamente.
